Start testing: Apr 20 11:28 -03
----------------------------------------------------------
1/35 Testing: TypeBridge: Basic Types
1/35 Test: TypeBridge: Basic Types
Command: "/home/gamarino/Documentos/proyectos/protoJS/build/tests/protojs_tests" "TypeBridge: Basic Types"
Directory: /home/gamarino/Documentos/proyectos/protoJS/build/tests
"TypeBridge: Basic Types" start time: Apr 20 11:28 -03
Output:
----------------------------------------------------------
Filters: "TypeBridge: Basic Types"
Randomness seeded to: 576127478
===============================================================================
All tests passed (10 assertions in 1 test case)

<end of output>
Test time =   0.07 sec
----------------------------------------------------------
Test Passed.
"TypeBridge: Basic Types" end time: Apr 20 11:28 -03
"TypeBridge: Basic Types" time elapsed: 00:00:00
----------------------------------------------------------

2/35 Testing: TypeBridge: Numbers
2/35 Test: TypeBridge: Numbers
Command: "/home/gamarino/Documentos/proyectos/protoJS/build/tests/protojs_tests" "TypeBridge: Numbers"
Directory: /home/gamarino/Documentos/proyectos/protoJS/build/tests
"TypeBridge: Numbers" start time: Apr 20 11:28 -03
Output:
----------------------------------------------------------
Filters: "TypeBridge: Numbers"
Randomness seeded to: 3568912626
===============================================================================
All tests passed (14 assertions in 1 test case)

<end of output>
Test time =   0.12 sec
----------------------------------------------------------
Test Passed.
"TypeBridge: Numbers" end time: Apr 20 11:28 -03
"TypeBridge: Numbers" time elapsed: 00:00:00
----------------------------------------------------------

3/35 Testing: TypeBridge: Strings
3/35 Test: TypeBridge: Strings
Command: "/home/gamarino/Documentos/proyectos/protoJS/build/tests/protojs_tests" "TypeBridge: Strings"
Directory: /home/gamarino/Documentos/proyectos/protoJS/build/tests
"TypeBridge: Strings" start time: Apr 20 11:28 -03
Output:
----------------------------------------------------------
Filters: "TypeBridge: Strings"
Randomness seeded to: 1466181766
===============================================================================
All tests passed (10 assertions in 1 test case)

<end of output>
Test time =   0.07 sec
----------------------------------------------------------
Test Passed.
"TypeBridge: Strings" end time: Apr 20 11:28 -03
"TypeBridge: Strings" time elapsed: 00:00:00
----------------------------------------------------------

4/35 Testing: BenchmarkRunner::generateReport text format
4/35 Test: BenchmarkRunner::generateReport text format
Command: "/home/gamarino/Documentos/proyectos/protoJS/build/tests/protojs_tests" "BenchmarkRunner::generateReport text format"
Directory: /home/gamarino/Documentos/proyectos/protoJS/build/tests
"BenchmarkRunner::generateReport text format" start time: Apr 20 11:28 -03
Output:
----------------------------------------------------------
Filters: "BenchmarkRunner::generateReport text format"
Randomness seeded to: 2435866349
===============================================================================
All tests passed (4 assertions in 1 test case)

<end of output>
Test time =   0.01 sec
----------------------------------------------------------
Test Passed.
"BenchmarkRunner::generateReport text format" end time: Apr 20 11:28 -03
"BenchmarkRunner::generateReport text format" time elapsed: 00:00:00
----------------------------------------------------------

5/35 Testing: BenchmarkRunner::exportToJSON
5/35 Test: BenchmarkRunner::exportToJSON
Command: "/home/gamarino/Documentos/proyectos/protoJS/build/tests/protojs_tests" "BenchmarkRunner::exportToJSON"
Directory: /home/gamarino/Documentos/proyectos/protoJS/build/tests
"BenchmarkRunner::exportToJSON" start time: Apr 20 11:28 -03
Output:
----------------------------------------------------------
Filters: "BenchmarkRunner::exportToJSON"
Randomness seeded to: 1201687972
===============================================================================
All tests passed (2 assertions in 1 test case)

<end of output>
Test time =   0.00 sec
----------------------------------------------------------
Test Passed.
"BenchmarkRunner::exportToJSON" end time: Apr 20 11:28 -03
"BenchmarkRunner::exportToJSON" time elapsed: 00:00:00
----------------------------------------------------------

6/35 Testing: BenchmarkRunner::runSuite structure
6/35 Test: BenchmarkRunner::runSuite structure
Command: "/home/gamarino/Documentos/proyectos/protoJS/build/tests/protojs_tests" "BenchmarkRunner::runSuite structure"
Directory: /home/gamarino/Documentos/proyectos/protoJS/build/tests
"BenchmarkRunner::runSuite structure" start time: Apr 20 11:28 -03
Output:
----------------------------------------------------------
Filters: "BenchmarkRunner::runSuite structure"
Randomness seeded to: 100663442
===============================================================================
All tests passed (1 assertion in 1 test case)

<end of output>
Test time =   0.00 sec
----------------------------------------------------------
Test Passed.
"BenchmarkRunner::runSuite structure" end time: Apr 20 11:28 -03
"BenchmarkRunner::runSuite structure" time elapsed: 00:00:00
----------------------------------------------------------

7/35 Testing: BenchmarkRunner::computeStats
7/35 Test: BenchmarkRunner::computeStats
Command: "/home/gamarino/Documentos/proyectos/protoJS/build/tests/protojs_tests" "BenchmarkRunner::computeStats"
Directory: /home/gamarino/Documentos/proyectos/protoJS/build/tests
"BenchmarkRunner::computeStats" start time: Apr 20 11:28 -03
Output:
----------------------------------------------------------
Filters: "BenchmarkRunner::computeStats"
Randomness seeded to: 2725793528
===============================================================================
All tests passed (6 assertions in 1 test case)

<end of output>
Test time =   0.01 sec
----------------------------------------------------------
Test Passed.
"BenchmarkRunner::computeStats" end time: Apr 20 11:28 -03
"BenchmarkRunner::computeStats" time elapsed: 00:00:00
----------------------------------------------------------

8/35 Testing: BenchmarkRunner::detectRegressions
8/35 Test: BenchmarkRunner::detectRegressions
Command: "/home/gamarino/Documentos/proyectos/protoJS/build/tests/protojs_tests" "BenchmarkRunner::detectRegressions"
Directory: /home/gamarino/Documentos/proyectos/protoJS/build/tests
"BenchmarkRunner::detectRegressions" start time: Apr 20 11:28 -03
Output:
----------------------------------------------------------
Filters: "BenchmarkRunner::detectRegressions"
Randomness seeded to: 1980477036
===============================================================================
All tests passed (3 assertions in 1 test case)

<end of output>
Test time =   0.01 sec
----------------------------------------------------------
Test Passed.
"BenchmarkRunner::detectRegressions" end time: Apr 20 11:28 -03
"BenchmarkRunner::detectRegressions" time elapsed: 00:00:00
----------------------------------------------------------

9/35 Testing: BenchmarkRunner::saveBaseline and loadBaseline
9/35 Test: BenchmarkRunner::saveBaseline and loadBaseline
Command: "/home/gamarino/Documentos/proyectos/protoJS/build/tests/protojs_tests" "BenchmarkRunner::saveBaseline and loadBaseline"
Directory: /home/gamarino/Documentos/proyectos/protoJS/build/tests
"BenchmarkRunner::saveBaseline and loadBaseline" start time: Apr 20 11:28 -03
Output:
----------------------------------------------------------
Filters: "BenchmarkRunner::saveBaseline and loadBaseline"
Randomness seeded to: 709880293
===============================================================================
All tests passed (5 assertions in 1 test case)

<end of output>
Test time =   0.01 sec
----------------------------------------------------------
Test Passed.
"BenchmarkRunner::saveBaseline and loadBaseline" end time: Apr 20 11:28 -03
"BenchmarkRunner::saveBaseline and loadBaseline" time elapsed: 00:00:00
----------------------------------------------------------

10/35 Testing: BenchmarkRunner::runSuiteFromFile empty or no file
10/35 Test: BenchmarkRunner::runSuiteFromFile empty or no file
Command: "/home/gamarino/Documentos/proyectos/protoJS/build/tests/protojs_tests" "BenchmarkRunner::runSuiteFromFile empty or no file"
Directory: /home/gamarino/Documentos/proyectos/protoJS/build/tests
"BenchmarkRunner::runSuiteFromFile empty or no file" start time: Apr 20 11:28 -03
Output:
----------------------------------------------------------
Filters: "BenchmarkRunner::runSuiteFromFile empty or no file"
Randomness seeded to: 1953068299
===============================================================================
All tests passed (1 assertion in 1 test case)

<end of output>
Test time =   0.00 sec
----------------------------------------------------------
Test Passed.
"BenchmarkRunner::runSuiteFromFile empty or no file" end time: Apr 20 11:28 -03
"BenchmarkRunner::runSuiteFromFile empty or no file" time elapsed: 00:00:00
----------------------------------------------------------

11/35 Testing: BenchmarkRunner::runForCI no baseline
11/35 Test: BenchmarkRunner::runForCI no baseline
Command: "/home/gamarino/Documentos/proyectos/protoJS/build/tests/protojs_tests" "BenchmarkRunner::runForCI no baseline"
Directory: /home/gamarino/Documentos/proyectos/protoJS/build/tests
"BenchmarkRunner::runForCI no baseline" start time: Apr 20 11:28 -03
Output:
----------------------------------------------------------
Filters: "BenchmarkRunner::runForCI no baseline"
Randomness seeded to: 3350769683
===============================================================================
All tests passed (2 assertions in 1 test case)

<end of output>
Test time =   0.01 sec
----------------------------------------------------------
Test Passed.
"BenchmarkRunner::runForCI no baseline" end time: Apr 20 11:28 -03
"BenchmarkRunner::runForCI no baseline" time elapsed: 00:00:00
----------------------------------------------------------

12/35 Testing: EventLoop: Singleton
12/35 Test: EventLoop: Singleton
Command: "/home/gamarino/Documentos/proyectos/protoJS/build/tests/protojs_tests" "EventLoop: Singleton"
Directory: /home/gamarino/Documentos/proyectos/protoJS/build/tests
"EventLoop: Singleton" start time: Apr 20 11:28 -03
Output:
----------------------------------------------------------
Filters: "EventLoop: Singleton"
Randomness seeded to: 2711905683
===============================================================================
All tests passed (1 assertion in 1 test case)

<end of output>
Test time =   0.00 sec
----------------------------------------------------------
Test Passed.
"EventLoop: Singleton" end time: Apr 20 11:28 -03
"EventLoop: Singleton" time elapsed: 00:00:00
----------------------------------------------------------

13/35 Testing: EventLoop: Enqueue and process
13/35 Test: EventLoop: Enqueue and process
Command: "/home/gamarino/Documentos/proyectos/protoJS/build/tests/protojs_tests" "EventLoop: Enqueue and process"
Directory: /home/gamarino/Documentos/proyectos/protoJS/build/tests
"EventLoop: Enqueue and process" start time: Apr 20 11:28 -03
Output:
----------------------------------------------------------
Filters: "EventLoop: Enqueue and process"
Randomness seeded to: 1952036813
===============================================================================
All tests passed (5 assertions in 1 test case)

<end of output>
Test time =   0.01 sec
----------------------------------------------------------
Test Passed.
"EventLoop: Enqueue and process" end time: Apr 20 11:28 -03
"EventLoop: Enqueue and process" time elapsed: 00:00:00
----------------------------------------------------------

14/35 Testing: EventLoop: Exception handling
14/35 Test: EventLoop: Exception handling
Command: "/home/gamarino/Documentos/proyectos/protoJS/build/tests/protojs_tests" "EventLoop: Exception handling"
Directory: /home/gamarino/Documentos/proyectos/protoJS/build/tests
"EventLoop: Exception handling" start time: Apr 20 11:28 -03
Output:
----------------------------------------------------------
Filters: "EventLoop: Exception handling"
Randomness seeded to: 2544633009
Exception in event loop callback: Test exception
===============================================================================
All tests passed (1 assertion in 1 test case)

<end of output>
Test time =   0.01 sec
----------------------------------------------------------
Test Passed.
"EventLoop: Exception handling" end time: Apr 20 11:28 -03
"EventLoop: Exception handling" time elapsed: 00:00:00
----------------------------------------------------------

15/35 Testing: IOThreadPool: Singleton and initialization
15/35 Test: IOThreadPool: Singleton and initialization
Command: "/home/gamarino/Documentos/proyectos/protoJS/build/tests/protojs_tests" "IOThreadPool: Singleton and initialization"
Directory: /home/gamarino/Documentos/proyectos/protoJS/build/tests
"IOThreadPool: Singleton and initialization" start time: Apr 20 11:28 -03
Output:
----------------------------------------------------------
Filters: "IOThreadPool: Singleton and initialization"
Randomness seeded to: 2427203626
===============================================================================
All tests passed (3 assertions in 1 test case)

<end of output>
Test time =   0.01 sec
----------------------------------------------------------
Test Passed.
"IOThreadPool: Singleton and initialization" end time: Apr 20 11:28 -03
"IOThreadPool: Singleton and initialization" time elapsed: 00:00:00
----------------------------------------------------------

16/35 Testing: IOThreadPool: I/O simulation
16/35 Test: IOThreadPool: I/O simulation
Command: "/home/gamarino/Documentos/proyectos/protoJS/build/tests/protojs_tests" "IOThreadPool: I/O simulation"
Directory: /home/gamarino/Documentos/proyectos/protoJS/build/tests
"IOThreadPool: I/O simulation" start time: Apr 20 11:28 -03
Output:
----------------------------------------------------------
Filters: "IOThreadPool: I/O simulation"
Randomness seeded to: 1498713123
===============================================================================
All tests passed (1 assertion in 1 test case)

<end of output>
Test time =   0.02 sec
----------------------------------------------------------
Test Passed.
"IOThreadPool: I/O simulation" end time: Apr 20 11:28 -03
"IOThreadPool: I/O simulation" time elapsed: 00:00:00
----------------------------------------------------------

17/35 Testing: NodeJSTestRunner::generateReport text format
17/35 Test: NodeJSTestRunner::generateReport text format
Command: "/home/gamarino/Documentos/proyectos/protoJS/build/tests/protojs_tests" "NodeJSTestRunner::generateReport text format"
Directory: /home/gamarino/Documentos/proyectos/protoJS/build/tests
"NodeJSTestRunner::generateReport text format" start time: Apr 20 11:28 -03
Output:
----------------------------------------------------------
Filters: "NodeJSTestRunner::generateReport text format"
Randomness seeded to: 3279440691
===============================================================================
All tests passed (3 assertions in 1 test case)

<end of output>
Test time =   0.01 sec
----------------------------------------------------------
Test Passed.
"NodeJSTestRunner::generateReport text format" end time: Apr 20 11:28 -03
"NodeJSTestRunner::generateReport text format" time elapsed: 00:00:00
----------------------------------------------------------

18/35 Testing: NodeJSTestRunner::exportToJSON
18/35 Test: NodeJSTestRunner::exportToJSON
Command: "/home/gamarino/Documentos/proyectos/protoJS/build/tests/protojs_tests" "NodeJSTestRunner::exportToJSON"
Directory: /home/gamarino/Documentos/proyectos/protoJS/build/tests
"NodeJSTestRunner::exportToJSON" start time: Apr 20 11:28 -03
Output:
----------------------------------------------------------
Filters: "NodeJSTestRunner::exportToJSON"
Randomness seeded to: 3699258467
===============================================================================
All tests passed (2 assertions in 1 test case)

<end of output>
Test time =   0.01 sec
----------------------------------------------------------
Test Passed.
"NodeJSTestRunner::exportToJSON" end time: Apr 20 11:28 -03
"NodeJSTestRunner::exportToJSON" time elapsed: 00:00:00
----------------------------------------------------------

19/35 Testing: NodeJSTestRunner::identifyGaps
19/35 Test: NodeJSTestRunner::identifyGaps
Command: "/home/gamarino/Documentos/proyectos/protoJS/build/tests/protojs_tests" "NodeJSTestRunner::identifyGaps"
Directory: /home/gamarino/Documentos/proyectos/protoJS/build/tests
"NodeJSTestRunner::identifyGaps" start time: Apr 20 11:28 -03
Output:
----------------------------------------------------------
Filters: "NodeJSTestRunner::identifyGaps"
Randomness seeded to: 2454349604
===============================================================================
All tests passed (2 assertions in 1 test case)

<end of output>
Test time =   0.01 sec
----------------------------------------------------------
Test Passed.
"NodeJSTestRunner::identifyGaps" end time: Apr 20 11:28 -03
"NodeJSTestRunner::identifyGaps" time elapsed: 00:00:00
----------------------------------------------------------

20/35 Testing: NodeJSTestRunner::runTestSuite empty
20/35 Test: NodeJSTestRunner::runTestSuite empty
Command: "/home/gamarino/Documentos/proyectos/protoJS/build/tests/protojs_tests" "NodeJSTestRunner::runTestSuite empty"
Directory: /home/gamarino/Documentos/proyectos/protoJS/build/tests
"NodeJSTestRunner::runTestSuite empty" start time: Apr 20 11:28 -03
Output:
----------------------------------------------------------
Filters: "NodeJSTestRunner::runTestSuite empty"
Randomness seeded to: 473665258
===============================================================================
All tests passed (3 assertions in 1 test case)

<end of output>
Test time =   0.01 sec
----------------------------------------------------------
Test Passed.
"NodeJSTestRunner::runTestSuite empty" end time: Apr 20 11:28 -03
"NodeJSTestRunner::runTestSuite empty" time elapsed: 00:00:00
----------------------------------------------------------

21/35 Testing: NodeJSTestRunner::test cache
21/35 Test: NodeJSTestRunner::test cache
Command: "/home/gamarino/Documentos/proyectos/protoJS/build/tests/protojs_tests" "NodeJSTestRunner::test cache"
Directory: /home/gamarino/Documentos/proyectos/protoJS/build/tests
"NodeJSTestRunner::test cache" start time: Apr 20 11:28 -03
Output:
----------------------------------------------------------
Filters: "NodeJSTestRunner::test cache"
Randomness seeded to: 1428304375
===============================================================================
test cases: 1 | 1 passed
assertions: - none -

<end of output>
Test time =   0.00 sec
----------------------------------------------------------
Test Passed.
"NodeJSTestRunner::test cache" end time: Apr 20 11:28 -03
"NodeJSTestRunner::test cache" time elapsed: 00:00:00
----------------------------------------------------------

22/35 Testing: NodeJSTestRunner::getCoverageSummary
22/35 Test: NodeJSTestRunner::getCoverageSummary
Command: "/home/gamarino/Documentos/proyectos/protoJS/build/tests/protojs_tests" "NodeJSTestRunner::getCoverageSummary"
Directory: /home/gamarino/Documentos/proyectos/protoJS/build/tests
"NodeJSTestRunner::getCoverageSummary" start time: Apr 20 11:28 -03
Output:
----------------------------------------------------------
Filters: "NodeJSTestRunner::getCoverageSummary"
Randomness seeded to: 1233722946
===============================================================================
All tests passed (8 assertions in 1 test case)

<end of output>
Test time =   0.00 sec
----------------------------------------------------------
Test Passed.
"NodeJSTestRunner::getCoverageSummary" end time: Apr 20 11:28 -03
"NodeJSTestRunner::getCoverageSummary" time elapsed: 00:00:00
----------------------------------------------------------

23/35 Testing: NodeJSTestRunner::exportCoverageReport
23/35 Test: NodeJSTestRunner::exportCoverageReport
Command: "/home/gamarino/Documentos/proyectos/protoJS/build/tests/protojs_tests" "NodeJSTestRunner::exportCoverageReport"
Directory: /home/gamarino/Documentos/proyectos/protoJS/build/tests
"NodeJSTestRunner::exportCoverageReport" start time: Apr 20 11:28 -03
Output:
----------------------------------------------------------
Filters: "NodeJSTestRunner::exportCoverageReport"
Randomness seeded to: 2654203060
===============================================================================
All tests passed (4 assertions in 1 test case)

<end of output>
Test time =   0.01 sec
----------------------------------------------------------
Test Passed.
"NodeJSTestRunner::exportCoverageReport" end time: Apr 20 11:28 -03
"NodeJSTestRunner::exportCoverageReport" time elapsed: 00:00:00
----------------------------------------------------------

24/35 Testing: NodeJSTestRunner::runTestSuiteFromFile nonexistent
24/35 Test: NodeJSTestRunner::runTestSuiteFromFile nonexistent
Command: "/home/gamarino/Documentos/proyectos/protoJS/build/tests/protojs_tests" "NodeJSTestRunner::runTestSuiteFromFile nonexistent"
Directory: /home/gamarino/Documentos/proyectos/protoJS/build/tests
"NodeJSTestRunner::runTestSuiteFromFile nonexistent" start time: Apr 20 11:28 -03
Output:
----------------------------------------------------------
Filters: "NodeJSTestRunner::runTestSuiteFromFile nonexistent"
Randomness seeded to: 3174763969
===============================================================================
All tests passed (1 assertion in 1 test case)

<end of output>
Test time =   0.01 sec
----------------------------------------------------------
Test Passed.
"NodeJSTestRunner::runTestSuiteFromFile nonexistent" end time: Apr 20 11:28 -03
"NodeJSTestRunner::runTestSuiteFromFile nonexistent" time elapsed: 00:00:00
----------------------------------------------------------

25/35 Testing: NodeJSTestRunner::runTestSuiteParallel empty
25/35 Test: NodeJSTestRunner::runTestSuiteParallel empty
Command: "/home/gamarino/Documentos/proyectos/protoJS/build/tests/protojs_tests" "NodeJSTestRunner::runTestSuiteParallel empty"
Directory: /home/gamarino/Documentos/proyectos/protoJS/build/tests
"NodeJSTestRunner::runTestSuiteParallel empty" start time: Apr 20 11:28 -03
Output:
----------------------------------------------------------
Filters: "NodeJSTestRunner::runTestSuiteParallel empty"
Randomness seeded to: 3148398099
===============================================================================
All tests passed (2 assertions in 1 test case)

<end of output>
Test time =   0.02 sec
----------------------------------------------------------
Test Passed.
"NodeJSTestRunner::runTestSuiteParallel empty" end time: Apr 20 11:28 -03
"NodeJSTestRunner::runTestSuiteParallel empty" time elapsed: 00:00:00
----------------------------------------------------------

26/35 Testing: NodeJSTestRunner::runTestsForCI empty config
26/35 Test: NodeJSTestRunner::runTestsForCI empty config
Command: "/home/gamarino/Documentos/proyectos/protoJS/build/tests/protojs_tests" "NodeJSTestRunner::runTestsForCI empty config"
Directory: /home/gamarino/Documentos/proyectos/protoJS/build/tests
"NodeJSTestRunner::runTestsForCI empty config" start time: Apr 20 11:28 -03
Output:
----------------------------------------------------------
Filters: "NodeJSTestRunner::runTestsForCI empty config"
Randomness seeded to: 3083809847
===============================================================================
All tests passed (2 assertions in 1 test case)

<end of output>
Test time =   0.01 sec
----------------------------------------------------------
Test Passed.
"NodeJSTestRunner::runTestsForCI empty config" end time: Apr 20 11:28 -03
"NodeJSTestRunner::runTestsForCI empty config" time elapsed: 00:00:00
----------------------------------------------------------

27/35 Testing: NPMRegistry::DEFAULT_REGISTRY
27/35 Test: NPMRegistry::DEFAULT_REGISTRY
Command: "/home/gamarino/Documentos/proyectos/protoJS/build/tests/protojs_tests" "NPMRegistry::DEFAULT_REGISTRY"
Directory: /home/gamarino/Documentos/proyectos/protoJS/build/tests
"NPMRegistry::DEFAULT_REGISTRY" start time: Apr 20 11:28 -03
Output:
----------------------------------------------------------
Filters: "NPMRegistry::DEFAULT_REGISTRY"
Randomness seeded to: 231443787
===============================================================================
All tests passed (2 assertions in 1 test case)

<end of output>
Test time =   0.00 sec
----------------------------------------------------------
Test Passed.
"NPMRegistry::DEFAULT_REGISTRY" end time: Apr 20 11:28 -03
"NPMRegistry::DEFAULT_REGISTRY" time elapsed: 00:00:00
----------------------------------------------------------

28/35 Testing: Semver::parse
28/35 Test: Semver::parse
Command: "/home/gamarino/Documentos/proyectos/protoJS/build/tests/protojs_tests" "Semver::parse"
Directory: /home/gamarino/Documentos/proyectos/protoJS/build/tests
"Semver::parse" start time: Apr 20 11:28 -03
Output:
----------------------------------------------------------
Filters: "Semver::parse"
Randomness seeded to: 2707871375
===============================================================================
All tests passed (21 assertions in 1 test case)

<end of output>
Test time =   0.01 sec
----------------------------------------------------------
Test Passed.
"Semver::parse" end time: Apr 20 11:28 -03
"Semver::parse" time elapsed: 00:00:00
----------------------------------------------------------

29/35 Testing: Semver::compare
29/35 Test: Semver::compare
Command: "/home/gamarino/Documentos/proyectos/protoJS/build/tests/protojs_tests" "Semver::compare"
Directory: /home/gamarino/Documentos/proyectos/protoJS/build/tests
"Semver::compare" start time: Apr 20 11:28 -03
Output:
----------------------------------------------------------
Filters: "Semver::compare"
Randomness seeded to: 2301948035
===============================================================================
All tests passed (8 assertions in 1 test case)

<end of output>
Test time =   0.01 sec
----------------------------------------------------------
Test Passed.
"Semver::compare" end time: Apr 20 11:28 -03
"Semver::compare" time elapsed: 00:00:00
----------------------------------------------------------

30/35 Testing: Semver::satisfies
30/35 Test: Semver::satisfies
Command: "/home/gamarino/Documentos/proyectos/protoJS/build/tests/protojs_tests" "Semver::satisfies"
Directory: /home/gamarino/Documentos/proyectos/protoJS/build/tests
"Semver::satisfies" start time: Apr 20 11:28 -03
Output:
----------------------------------------------------------
Filters: "Semver::satisfies"
Randomness seeded to: 440464520
===============================================================================
All tests passed (17 assertions in 1 test case)

<end of output>
Test time =   0.01 sec
----------------------------------------------------------
Test Passed.
"Semver::satisfies" end time: Apr 20 11:28 -03
"Semver::satisfies" time elapsed: 00:00:00
----------------------------------------------------------

31/35 Testing: Semver::findHighest
31/35 Test: Semver::findHighest
Command: "/home/gamarino/Documentos/proyectos/protoJS/build/tests/protojs_tests" "Semver::findHighest"
Directory: /home/gamarino/Documentos/proyectos/protoJS/build/tests
"Semver::findHighest" start time: Apr 20 11:28 -03
Output:
----------------------------------------------------------
Filters: "Semver::findHighest"
Randomness seeded to: 1432960652
===============================================================================
All tests passed (6 assertions in 1 test case)

<end of output>
Test time =   0.00 sec
----------------------------------------------------------
Test Passed.
"Semver::findHighest" end time: Apr 20 11:28 -03
"Semver::findHighest" time elapsed: 00:00:00
----------------------------------------------------------

32/35 Testing: Semver::normalize
32/35 Test: Semver::normalize
Command: "/home/gamarino/Documentos/proyectos/protoJS/build/tests/protojs_tests" "Semver::normalize"
Directory: /home/gamarino/Documentos/proyectos/protoJS/build/tests
"Semver::normalize" start time: Apr 20 11:28 -03
Output:
----------------------------------------------------------
Filters: "Semver::normalize"
Randomness seeded to: 578549271
===============================================================================
All tests passed (4 assertions in 1 test case)

<end of output>
Test time =   0.01 sec
----------------------------------------------------------
Test Passed.
"Semver::normalize" end time: Apr 20 11:28 -03
"Semver::normalize" time elapsed: 00:00:00
----------------------------------------------------------

33/35 Testing: ThreadPoolExecutor: Legacy tests
33/35 Test: ThreadPoolExecutor: Legacy tests
Command: "/home/gamarino/Documentos/proyectos/protoJS/build/tests/protojs_tests" "ThreadPoolExecutor: Legacy tests"
Directory: /home/gamarino/Documentos/proyectos/protoJS/build/tests
"ThreadPoolExecutor: Legacy tests" start time: Apr 20 11:28 -03
Output:
----------------------------------------------------------
Filters: "ThreadPoolExecutor: Legacy tests"
Randomness seeded to: 3973789835
===============================================================================
All tests passed (12 assertions in 1 test case)

<end of output>
Test time =   0.01 sec
----------------------------------------------------------
Test Passed.
"ThreadPoolExecutor: Legacy tests" end time: Apr 20 11:28 -03
"ThreadPoolExecutor: Legacy tests" time elapsed: 00:00:00
----------------------------------------------------------

34/35 Testing: CPUThreadPool: Legacy tests
34/35 Test: CPUThreadPool: Legacy tests
Command: "/home/gamarino/Documentos/proyectos/protoJS/build/tests/protojs_tests" "CPUThreadPool: Legacy tests"
Directory: /home/gamarino/Documentos/proyectos/protoJS/build/tests
"CPUThreadPool: Legacy tests" start time: Apr 20 11:28 -03
Output:
----------------------------------------------------------
Filters: "CPUThreadPool: Legacy tests"
Randomness seeded to: 1319590496
===============================================================================
All tests passed (2 assertions in 1 test case)

<end of output>
Test time =   0.01 sec
----------------------------------------------------------
Test Passed.
"CPUThreadPool: Legacy tests" end time: Apr 20 11:28 -03
"CPUThreadPool: Legacy tests" time elapsed: 00:00:00
----------------------------------------------------------

35/35 Testing: IOThreadPool: Legacy tests
35/35 Test: IOThreadPool: Legacy tests
Command: "/home/gamarino/Documentos/proyectos/protoJS/build/tests/protojs_tests" "IOThreadPool: Legacy tests"
Directory: /home/gamarino/Documentos/proyectos/protoJS/build/tests
"IOThreadPool: Legacy tests" start time: Apr 20 11:28 -03
Output:
----------------------------------------------------------
Filters: "IOThreadPool: Legacy tests"
Randomness seeded to: 667548809
===============================================================================
All tests passed (2 assertions in 1 test case)

<end of output>
Test time =   0.02 sec
----------------------------------------------------------
Test Passed.
"IOThreadPool: Legacy tests" end time: Apr 20 11:28 -03
"IOThreadPool: Legacy tests" time elapsed: 00:00:00
----------------------------------------------------------

End testing: Apr 20 11:28 -03
